[
  {
    "timestamp": "2026-03-23T08:41:49.332723",
    "level": "INFO",
    "message": "Found 5 images (processing up to 5)"
  },
  {
    "timestamp": "2026-03-23T08:41:49.332909",
    "level": "INFO",
    "message": "[DRY RUN] Would generate clip from cabinet_directions.jpg"
  },
  {
    "timestamp": "2026-03-23T08:41:49.332912",
    "level": "INFO",
    "message": "  Prompt: Hyper-realistic cinematic scene, moody dramatic lighting, mysterious atmosphere, warm amber and gold..."
  },
  {
    "timestamp": "2026-03-23T08:41:49.332919",
    "level": "COST",
    "message": "  Estimated cost: $0.35"
  },
  {
    "timestamp": "2026-03-23T08:41:49.332923",
    "level": "INFO",
    "message": "[DRY RUN] Would generate clip from cabinet_happy_hour.png"
  },
  {
    "timestamp": "2026-03-23T08:41:49.332925",
    "level": "INFO",
    "message": "  Prompt: Hyper-realistic cinematic scene, moody dramatic lighting, mysterious atmosphere, warm amber and gold..."
  },
  {
    "timestamp": "2026-03-23T08:41:49.332927",
    "level": "COST",
    "message": "  Estimated cost: $0.35"
  },
  {
    "timestamp": "2026-03-23T08:41:49.332930",
    "level": "INFO",
    "message": "[DRY RUN] Would generate clip from cabinet_hero_left.jpg"
  },
  {
    "timestamp": "2026-03-23T08:41:49.332931",
    "level": "INFO",
    "message": "  Prompt: Hyper-realistic cinematic scene, moody dramatic lighting, mysterious atmosphere, warm amber and gold..."
  },
  {
    "timestamp": "2026-03-23T08:41:49.332933",
    "level": "COST",
    "message": "  Estimated cost: $0.35"
  },
  {
    "timestamp": "2026-03-23T08:41:49.332936",
    "level": "INFO",
    "message": "[DRY RUN] Would generate clip from cabinet_hero_mid.jpg"
  },
  {
    "timestamp": "2026-03-23T08:41:49.332938",
    "level": "INFO",
    "message": "  Prompt: Hyper-realistic cinematic scene, moody dramatic lighting, mysterious atmosphere, warm amber and gold..."
  },
  {
    "timestamp": "2026-03-23T08:41:49.332940",
    "level": "COST",
    "message": "  Estimated cost: $0.35"
  },
  {
    "timestamp": "2026-03-23T08:41:49.332943",
    "level": "INFO",
    "message": "[DRY RUN] Would generate clip from cabinet_hero_right.jpg"
  },
  {
    "timestamp": "2026-03-23T08:41:49.332944",
    "level": "INFO",
    "message": "  Prompt: Hyper-realistic cinematic scene, moody dramatic lighting, mysterious atmosphere, warm amber and gold..."
  },
  {
    "timestamp": "2026-03-23T08:41:49.332946",
    "level": "COST",
    "message": "  Estimated cost: $0.35"
  },
  {
    "timestamp": "2026-03-23T08:41:49.332961",
    "level": "COST",
    "message": "Total batch cost: $1.75",
    "successful": 5,
    "failed": 0
  }
]