[
  {
    "timestamp": "2026-03-23T09:01:45.417375",
    "level": "INFO",
    "message": "Narrative: Mystery \u2192 Discovery \u2192 Secret World \u2192 Desire"
  },
  {
    "timestamp": "2026-03-23T09:01:45.417801",
    "level": "INFO",
    "message": "Story: 5 scenes planned"
  },
  {
    "timestamp": "2026-03-23T09:01:45.417826",
    "level": "INFO",
    "message": "[DRY RUN] HOOK \u2014 Mystery & Intrigue: cabinet_hero_mid.jpg"
  },
  {
    "timestamp": "2026-03-23T09:01:45.417830",
    "level": "INFO",
    "message": "  Prompt: The mysterious cabinet room comes alive \u2014 dust particles floating through beams of warm golden light..."
  },
  {
    "timestamp": "2026-03-23T09:01:45.417836",
    "level": "COST",
    "message": "  Estimated cost: $0.35"
  },
  {
    "timestamp": "2026-03-23T09:01:45.417841",
    "level": "INFO",
    "message": "[DRY RUN] DISCOVERY \u2014 Finding the Secret: cabinet_lock_interior.jpg"
  },
  {
    "timestamp": "2026-03-23T09:01:45.417843",
    "level": "INFO",
    "message": "  Prompt: A vintage vault lock mechanism slowly clicking open, golden sparks of light emerging from the keyhol..."
  },
  {
    "timestamp": "2026-03-23T09:01:45.417845",
    "level": "COST",
    "message": "  Estimated cost: $0.35"
  },
  {
    "timestamp": "2026-03-23T09:01:45.417848",
    "level": "INFO",
    "message": "[DRY RUN] WONDER \u2014 Inside the Experience: cabinet_hero_left.jpg"
  },
  {
    "timestamp": "2026-03-23T09:01:45.417850",
    "level": "INFO",
    "message": "  Prompt: Dramatic reveal of the curiosity cabinet interior \u2014 a single spotlight slowly illuminating row after..."
  },
  {
    "timestamp": "2026-03-23T09:01:45.417852",
    "level": "COST",
    "message": "  Estimated cost: $0.35"
  },
  {
    "timestamp": "2026-03-23T09:01:45.417856",
    "level": "INFO",
    "message": "[DRY RUN] CONNECTION \u2014 The Social Experience: cabinet_happy_hour.png"
  },
  {
    "timestamp": "2026-03-23T09:01:45.417857",
    "level": "INFO",
    "message": "  Prompt: Elegant cocktails being crafted in the secret speakeasy \u2014 amber liquid swirling in crystal glasses, ..."
  },
  {
    "timestamp": "2026-03-23T09:01:45.417859",
    "level": "COST",
    "message": "  Estimated cost: $0.35"
  },
  {
    "timestamp": "2026-03-23T09:01:45.417862",
    "level": "INFO",
    "message": "[DRY RUN] DESIRE \u2014 Leave Them Wanting More: cabinet_promo_2.jpg"
  },
  {
    "timestamp": "2026-03-23T09:01:45.417864",
    "level": "INFO",
    "message": "  Prompt: The vault door slowly swinging closed, the last sliver of golden speakeasy light disappearing, a fin..."
  },
  {
    "timestamp": "2026-03-23T09:01:45.417866",
    "level": "COST",
    "message": "  Estimated cost: $0.35"
  },
  {
    "timestamp": "2026-03-23T09:01:45.417883",
    "level": "COST",
    "message": "Total batch cost: $1.75",
    "successful": 5,
    "failed": 0
  }
]