[
  {
    "timestamp": "2026-03-23T09:24:29.258645",
    "level": "INFO",
    "message": "Narrative: Adventure \u2192 Discovery \u2192 Magic \u2192 Joy \u2192 Wonder"
  },
  {
    "timestamp": "2026-03-23T09:24:29.265069",
    "level": "INFO",
    "message": "Story: 5 scenes planned"
  },
  {
    "timestamp": "2026-03-23T09:24:29.266741",
    "level": "INFO",
    "message": "Uploading dambo_explorers_sentosa.jpg (393KB)..."
  },
  {
    "timestamp": "2026-03-23T11:40:52.306611",
    "level": "INFO",
    "message": "Generating clip (attempt 1/3)...",
    "model": "fal-ai/kling-video/v2.6/pro/image-to-video",
    "duration": "5s",
    "aspect_ratio": "9:16"
  },
  {
    "timestamp": "2026-03-23T11:40:58.292634",
    "level": "WARN",
    "message": "Attempt 1 failed: User is locked. Reason: Exhausted balance. Top up your balance at fal.ai/dashboard/billing."
  },
  {
    "timestamp": "2026-03-23T11:40:58.304520",
    "level": "INFO",
    "message": "Retrying in 10s..."
  },
  {
    "timestamp": "2026-03-23T11:45:54.230497",
    "level": "INFO",
    "message": "Generating clip (attempt 2/3)...",
    "model": "fal-ai/kling-video/v2.6/pro/image-to-video",
    "duration": "5s",
    "aspect_ratio": "9:16"
  },
  {
    "timestamp": "2026-03-23T11:45:55.464012",
    "level": "WARN",
    "message": "Attempt 2 failed: User is locked. Reason: Exhausted balance. Top up your balance at fal.ai/dashboard/billing."
  },
  {
    "timestamp": "2026-03-23T11:45:55.464054",
    "level": "INFO",
    "message": "Retrying in 10s..."
  },
  {
    "timestamp": "2026-03-23T11:46:05.476789",
    "level": "INFO",
    "message": "Generating clip (attempt 3/3)...",
    "model": "fal-ai/kling-video/v2.6/pro/image-to-video",
    "duration": "5s",
    "aspect_ratio": "9:16"
  },
  {
    "timestamp": "2026-03-23T11:46:06.197352",
    "level": "WARN",
    "message": "Attempt 3 failed: User is locked. Reason: Exhausted balance. Top up your balance at fal.ai/dashboard/billing."
  },
  {
    "timestamp": "2026-03-23T11:46:06.197435",
    "level": "ERROR",
    "message": "All attempts exhausted for dambo_explorers_sentosa.jpg"
  },
  {
    "timestamp": "2026-03-23T11:46:08.209881",
    "level": "INFO",
    "message": "Uploading dambo_golden_rabbit.jpg (396KB)..."
  },
  {
    "timestamp": "2026-03-23T11:46:10.000973",
    "level": "INFO",
    "message": "Generating clip (attempt 1/3)...",
    "model": "fal-ai/kling-video/v2.6/pro/image-to-video",
    "duration": "5s",
    "aspect_ratio": "9:16"
  },
  {
    "timestamp": "2026-03-23T11:46:10.183570",
    "level": "WARN",
    "message": "Attempt 1 failed: User is locked. Reason: Exhausted balance. Top up your balance at fal.ai/dashboard/billing."
  },
  {
    "timestamp": "2026-03-23T11:46:10.183591",
    "level": "INFO",
    "message": "Retrying in 10s..."
  },
  {
    "timestamp": "2026-03-23T11:46:20.194903",
    "level": "INFO",
    "message": "Generating clip (attempt 2/3)...",
    "model": "fal-ai/kling-video/v2.6/pro/image-to-video",
    "duration": "5s",
    "aspect_ratio": "9:16"
  },
  {
    "timestamp": "2026-03-23T11:46:20.793228",
    "level": "WARN",
    "message": "Attempt 2 failed: User is locked. Reason: Exhausted balance. Top up your balance at fal.ai/dashboard/billing."
  },
  {
    "timestamp": "2026-03-23T11:46:20.793320",
    "level": "INFO",
    "message": "Retrying in 10s..."
  },
  {
    "timestamp": "2026-03-23T11:46:30.807526",
    "level": "INFO",
    "message": "Generating clip (attempt 3/3)...",
    "model": "fal-ai/kling-video/v2.6/pro/image-to-video",
    "duration": "5s",
    "aspect_ratio": "9:16"
  },
  {
    "timestamp": "2026-03-23T11:46:31.701336",
    "level": "WARN",
    "message": "Attempt 3 failed: User is locked. Reason: Exhausted balance. Top up your balance at fal.ai/dashboard/billing."
  },
  {
    "timestamp": "2026-03-23T11:46:31.701804",
    "level": "ERROR",
    "message": "All attempts exhausted for dambo_golden_rabbit.jpg"
  },
  {
    "timestamp": "2026-03-23T11:46:33.718233",
    "level": "INFO",
    "message": "Uploading dambo_malins_fountain.jpg (499KB)..."
  },
  {
    "timestamp": "2026-03-23T11:46:36.221681",
    "level": "INFO",
    "message": "Generating clip (attempt 1/3)...",
    "model": "fal-ai/kling-video/v2.6/pro/image-to-video",
    "duration": "5s",
    "aspect_ratio": "9:16"
  },
  {
    "timestamp": "2026-03-23T11:46:36.431104",
    "level": "WARN",
    "message": "Attempt 1 failed: User is locked. Reason: Exhausted balance. Top up your balance at fal.ai/dashboard/billing."
  },
  {
    "timestamp": "2026-03-23T11:46:36.431117",
    "level": "INFO",
    "message": "Retrying in 10s..."
  },
  {
    "timestamp": "2026-03-23T11:46:46.436848",
    "level": "INFO",
    "message": "Generating clip (attempt 2/3)...",
    "model": "fal-ai/kling-video/v2.6/pro/image-to-video",
    "duration": "5s",
    "aspect_ratio": "9:16"
  },
  {
    "timestamp": "2026-03-23T11:46:47.227384",
    "level": "WARN",
    "message": "Attempt 2 failed: User is locked. Reason: Exhausted balance. Top up your balance at fal.ai/dashboard/billing."
  },
  {
    "timestamp": "2026-03-23T11:46:47.227412",
    "level": "INFO",
    "message": "Retrying in 10s..."
  },
  {
    "timestamp": "2026-03-23T11:46:57.233016",
    "level": "INFO",
    "message": "Generating clip (attempt 3/3)...",
    "model": "fal-ai/kling-video/v2.6/pro/image-to-video",
    "duration": "5s",
    "aspect_ratio": "9:16"
  },
  {
    "timestamp": "2026-03-23T11:46:57.906831",
    "level": "WARN",
    "message": "Attempt 3 failed: User is locked. Reason: Exhausted balance. Top up your balance at fal.ai/dashboard/billing."
  },
  {
    "timestamp": "2026-03-23T11:46:57.907204",
    "level": "ERROR",
    "message": "All attempts exhausted for dambo_malins_fountain.jpg"
  },
  {
    "timestamp": "2026-03-23T11:46:59.913646",
    "level": "INFO",
    "message": "Uploading dambo_barefoot_frida.jpg (389KB)..."
  },
  {
    "timestamp": "2026-03-23T11:47:01.600186",
    "level": "INFO",
    "message": "Generating clip (attempt 1/3)...",
    "model": "fal-ai/kling-video/v2.6/pro/image-to-video",
    "duration": "5s",
    "aspect_ratio": "9:16"
  },
  {
    "timestamp": "2026-03-23T11:47:01.755879",
    "level": "WARN",
    "message": "Attempt 1 failed: User is locked. Reason: Exhausted balance. Top up your balance at fal.ai/dashboard/billing."
  },
  {
    "timestamp": "2026-03-23T11:47:01.755890",
    "level": "INFO",
    "message": "Retrying in 10s..."
  },
  {
    "timestamp": "2026-03-23T11:47:11.759339",
    "level": "INFO",
    "message": "Generating clip (attempt 2/3)...",
    "model": "fal-ai/kling-video/v2.6/pro/image-to-video",
    "duration": "5s",
    "aspect_ratio": "9:16"
  },
  {
    "timestamp": "2026-03-23T11:47:12.396762",
    "level": "WARN",
    "message": "Attempt 2 failed: User is locked. Reason: Exhausted balance. Top up your balance at fal.ai/dashboard/billing."
  },
  {
    "timestamp": "2026-03-23T11:47:12.396848",
    "level": "INFO",
    "message": "Retrying in 10s..."
  },
  {
    "timestamp": "2026-03-23T11:47:22.401759",
    "level": "INFO",
    "message": "Generating clip (attempt 3/3)...",
    "model": "fal-ai/kling-video/v2.6/pro/image-to-video",
    "duration": "5s",
    "aspect_ratio": "9:16"
  },
  {
    "timestamp": "2026-03-23T11:47:23.071735",
    "level": "WARN",
    "message": "Attempt 3 failed: User is locked. Reason: Exhausted balance. Top up your balance at fal.ai/dashboard/billing."
  },
  {
    "timestamp": "2026-03-23T11:47:23.071792",
    "level": "ERROR",
    "message": "All attempts exhausted for dambo_barefoot_frida.jpg"
  },
  {
    "timestamp": "2026-03-23T11:47:25.075290",
    "level": "INFO",
    "message": "Uploading dambo_pia_peacekeeper.jpg (492KB)..."
  },
  {
    "timestamp": "2026-03-23T11:47:26.913786",
    "level": "INFO",
    "message": "Generating clip (attempt 1/3)...",
    "model": "fal-ai/kling-video/v2.6/pro/image-to-video",
    "duration": "5s",
    "aspect_ratio": "9:16"
  },
  {
    "timestamp": "2026-03-23T11:47:27.074575",
    "level": "WARN",
    "message": "Attempt 1 failed: User is locked. Reason: Exhausted balance. Top up your balance at fal.ai/dashboard/billing."
  },
  {
    "timestamp": "2026-03-23T11:47:27.074597",
    "level": "INFO",
    "message": "Retrying in 10s..."
  },
  {
    "timestamp": "2026-03-23T11:47:37.076035",
    "level": "INFO",
    "message": "Generating clip (attempt 2/3)...",
    "model": "fal-ai/kling-video/v2.6/pro/image-to-video",
    "duration": "5s",
    "aspect_ratio": "9:16"
  },
  {
    "timestamp": "2026-03-23T11:47:37.715676",
    "level": "WARN",
    "message": "Attempt 2 failed: User is locked. Reason: Exhausted balance. Top up your balance at fal.ai/dashboard/billing."
  },
  {
    "timestamp": "2026-03-23T11:47:37.715713",
    "level": "INFO",
    "message": "Retrying in 10s..."
  },
  {
    "timestamp": "2026-03-23T11:47:47.719746",
    "level": "INFO",
    "message": "Generating clip (attempt 3/3)...",
    "model": "fal-ai/kling-video/v2.6/pro/image-to-video",
    "duration": "5s",
    "aspect_ratio": "9:16"
  },
  {
    "timestamp": "2026-03-23T11:47:48.352837",
    "level": "WARN",
    "message": "Attempt 3 failed: User is locked. Reason: Exhausted balance. Top up your balance at fal.ai/dashboard/billing."
  },
  {
    "timestamp": "2026-03-23T11:47:48.352907",
    "level": "ERROR",
    "message": "All attempts exhausted for dambo_pia_peacekeeper.jpg"
  },
  {
    "timestamp": "2026-03-23T11:47:48.353162",
    "level": "COST",
    "message": "Total batch cost: $0.00",
    "successful": 0,
    "failed": 5
  }
]