[
  {
    "timestamp": "2026-03-23T09:10:32.051140",
    "level": "INFO",
    "message": "Narrative: Awe \u2192 History \u2192 Emotion \u2192 Human Connection \u2192 Urgency"
  },
  {
    "timestamp": "2026-03-23T09:10:32.051596",
    "level": "INFO",
    "message": "Story: 5 scenes planned"
  },
  {
    "timestamp": "2026-03-23T09:10:32.051650",
    "level": "INFO",
    "message": "Uploading titanic_grand_staircase.jpg (216KB)..."
  },
  {
    "timestamp": "2026-03-23T09:10:34.553160",
    "level": "INFO",
    "message": "Generating clip (attempt 1/3)...",
    "model": "fal-ai/kling-video/v2.6/pro/image-to-video",
    "duration": "5s",
    "aspect_ratio": "9:16"
  },
  {
    "timestamp": "2026-03-23T09:10:34.693426",
    "level": "WARN",
    "message": "Attempt 1 failed: User is locked. Reason: Exhausted balance. Top up your balance at fal.ai/dashboard/billing."
  },
  {
    "timestamp": "2026-03-23T09:10:34.693449",
    "level": "INFO",
    "message": "Retrying in 10s..."
  },
  {
    "timestamp": "2026-03-23T09:10:44.699217",
    "level": "INFO",
    "message": "Generating clip (attempt 2/3)...",
    "model": "fal-ai/kling-video/v2.6/pro/image-to-video",
    "duration": "5s",
    "aspect_ratio": "9:16"
  },
  {
    "timestamp": "2026-03-23T09:10:46.310119",
    "level": "WARN",
    "message": "Attempt 2 failed: User is locked. Reason: Exhausted balance. Top up your balance at fal.ai/dashboard/billing."
  },
  {
    "timestamp": "2026-03-23T09:10:46.310137",
    "level": "INFO",
    "message": "Retrying in 10s..."
  },
  {
    "timestamp": "2026-03-23T09:10:56.315398",
    "level": "INFO",
    "message": "Generating clip (attempt 3/3)...",
    "model": "fal-ai/kling-video/v2.6/pro/image-to-video",
    "duration": "5s",
    "aspect_ratio": "9:16"
  },
  {
    "timestamp": "2026-03-23T09:10:56.938170",
    "level": "WARN",
    "message": "Attempt 3 failed: User is locked. Reason: Exhausted balance. Top up your balance at fal.ai/dashboard/billing."
  },
  {
    "timestamp": "2026-03-23T09:10:56.938239",
    "level": "ERROR",
    "message": "All attempts exhausted for titanic_grand_staircase.jpg"
  },
  {
    "timestamp": "2026-03-23T09:10:58.941485",
    "level": "INFO",
    "message": "Uploading titanic_hall_1.jpg (104KB)..."
  },
  {
    "timestamp": "2026-03-23T09:11:03.421903",
    "level": "INFO",
    "message": "Generating clip (attempt 1/3)...",
    "model": "fal-ai/kling-video/v2.6/pro/image-to-video",
    "duration": "5s",
    "aspect_ratio": "9:16"
  },
  {
    "timestamp": "2026-03-23T09:11:04.032170",
    "level": "WARN",
    "message": "Attempt 1 failed: User is locked. Reason: Exhausted balance. Top up your balance at fal.ai/dashboard/billing."
  },
  {
    "timestamp": "2026-03-23T09:11:04.032222",
    "level": "INFO",
    "message": "Retrying in 10s..."
  },
  {
    "timestamp": "2026-03-23T09:11:14.036222",
    "level": "INFO",
    "message": "Generating clip (attempt 2/3)...",
    "model": "fal-ai/kling-video/v2.6/pro/image-to-video",
    "duration": "5s",
    "aspect_ratio": "9:16"
  },
  {
    "timestamp": "2026-03-23T09:11:15.196251",
    "level": "WARN",
    "message": "Attempt 2 failed: User is locked. Reason: Exhausted balance. Top up your balance at fal.ai/dashboard/billing."
  },
  {
    "timestamp": "2026-03-23T09:11:15.196279",
    "level": "INFO",
    "message": "Retrying in 10s..."
  },
  {
    "timestamp": "2026-03-23T09:11:25.202016",
    "level": "INFO",
    "message": "Generating clip (attempt 3/3)...",
    "model": "fal-ai/kling-video/v2.6/pro/image-to-video",
    "duration": "5s",
    "aspect_ratio": "9:16"
  },
  {
    "timestamp": "2026-03-23T09:11:26.277766",
    "level": "WARN",
    "message": "Attempt 3 failed: User is locked. Reason: Exhausted balance. Top up your balance at fal.ai/dashboard/billing."
  },
  {
    "timestamp": "2026-03-23T09:11:26.277830",
    "level": "ERROR",
    "message": "All attempts exhausted for titanic_hall_1.jpg"
  },
  {
    "timestamp": "2026-03-23T09:11:28.284629",
    "level": "INFO",
    "message": "Uploading titanic_02.jpg (211KB)..."
  },
  {
    "timestamp": "2026-03-23T09:11:33.766510",
    "level": "INFO",
    "message": "Generating clip (attempt 1/3)...",
    "model": "fal-ai/kling-video/v2.6/pro/image-to-video",
    "duration": "5s",
    "aspect_ratio": "9:16"
  },
  {
    "timestamp": "2026-03-23T09:11:35.322260",
    "level": "WARN",
    "message": "Attempt 1 failed: User is locked. Reason: Exhausted balance. Top up your balance at fal.ai/dashboard/billing."
  },
  {
    "timestamp": "2026-03-23T09:11:35.322287",
    "level": "INFO",
    "message": "Retrying in 10s..."
  },
  {
    "timestamp": "2026-03-23T09:11:45.328618",
    "level": "INFO",
    "message": "Generating clip (attempt 2/3)...",
    "model": "fal-ai/kling-video/v2.6/pro/image-to-video",
    "duration": "5s",
    "aspect_ratio": "9:16"
  },
  {
    "timestamp": "2026-03-23T09:18:38.191256",
    "level": "WARN",
    "message": "Attempt 2 failed: [Errno 8] nodename nor servname provided, or not known"
  },
  {
    "timestamp": "2026-03-23T09:18:38.195193",
    "level": "INFO",
    "message": "Retrying in 10s..."
  },
  {
    "timestamp": "2026-03-23T09:18:48.205859",
    "level": "INFO",
    "message": "Generating clip (attempt 3/3)...",
    "model": "fal-ai/kling-video/v2.6/pro/image-to-video",
    "duration": "5s",
    "aspect_ratio": "9:16"
  },
  {
    "timestamp": "2026-03-23T09:19:40.555979",
    "level": "WARN",
    "message": "Attempt 3 failed: [Errno 8] nodename nor servname provided, or not known"
  },
  {
    "timestamp": "2026-03-23T09:19:40.570161",
    "level": "ERROR",
    "message": "All attempts exhausted for titanic_02.jpg"
  },
  {
    "timestamp": "2026-03-23T09:19:42.598821",
    "level": "INFO",
    "message": "Uploading titanic_atmosphere_1.jpg (142KB)..."
  },
  {
    "timestamp": "2026-03-23T09:21:59.784798",
    "level": "ERROR",
    "message": "Upload failed: titanic_atmosphere_1.jpg",
    "error": "[Errno 8] nodename nor servname provided, or not known"
  },
  {
    "timestamp": "2026-03-23T09:22:01.801566",
    "level": "INFO",
    "message": "Uploading titanic_atmosphere_2.jpg (108KB)..."
  },
  {
    "timestamp": "2026-03-23T09:24:29.201098",
    "level": "ERROR",
    "message": "Upload failed: titanic_atmosphere_2.jpg",
    "error": "[Errno 8] nodename nor servname provided, or not known"
  },
  {
    "timestamp": "2026-03-23T09:24:29.236725",
    "level": "COST",
    "message": "Total batch cost: $0.00",
    "successful": 0,
    "failed": 5
  }
]