[
  {
    "timestamp": "2026-03-23T09:01:45.418839",
    "level": "INFO",
    "message": "Narrative: Awe \u2192 History \u2192 Emotion \u2192 Human Connection \u2192 Urgency"
  },
  {
    "timestamp": "2026-03-23T09:01:45.419142",
    "level": "INFO",
    "message": "Story: 5 scenes planned"
  },
  {
    "timestamp": "2026-03-23T09:01:45.419157",
    "level": "INFO",
    "message": "[DRY RUN] HOOK \u2014 Jaw-Dropping Scale: titanic_grand_staircase.jpg"
  },
  {
    "timestamp": "2026-03-23T09:01:45.419159",
    "level": "INFO",
    "message": "  Prompt: The legendary Titanic grand staircase comes to life \u2014 the ornate chandelier swaying gently as if on ..."
  },
  {
    "timestamp": "2026-03-23T09:01:45.419163",
    "level": "COST",
    "message": "  Estimated cost: $0.35"
  },
  {
    "timestamp": "2026-03-23T09:01:45.419167",
    "level": "INFO",
    "message": "[DRY RUN] DISCOVERY \u2014 Stepping Into History: titanic_hall_1.jpg"
  },
  {
    "timestamp": "2026-03-23T09:01:45.419168",
    "level": "INFO",
    "message": "  Prompt: Walking through the grand Titanic exhibition hall \u2014 the camera slowly floating forward through the r..."
  },
  {
    "timestamp": "2026-03-23T09:01:45.419170",
    "level": "COST",
    "message": "  Estimated cost: $0.35"
  },
  {
    "timestamp": "2026-03-23T09:01:45.419173",
    "level": "INFO",
    "message": "[DRY RUN] WONDER \u2014 Touching Real History: titanic_02.jpg"
  },
  {
    "timestamp": "2026-03-23T09:01:45.419175",
    "level": "INFO",
    "message": "  Prompt: Authentic recovered Titanic artifacts dramatically illuminated \u2014 water droplets slowly condensing an..."
  },
  {
    "timestamp": "2026-03-23T09:01:45.419177",
    "level": "COST",
    "message": "  Estimated cost: $0.35"
  },
  {
    "timestamp": "2026-03-23T09:01:45.419180",
    "level": "INFO",
    "message": "[DRY RUN] CONNECTION \u2014 Real Human Stories: titanic_atmosphere_1.jpg"
  },
  {
    "timestamp": "2026-03-23T09:01:45.419182",
    "level": "INFO",
    "message": "  Prompt: Deep underwater atmosphere \u2014 ethereal blue light filtering through ocean water, illuminating preserv..."
  },
  {
    "timestamp": "2026-03-23T09:01:45.419184",
    "level": "COST",
    "message": "  Estimated cost: $0.35"
  },
  {
    "timestamp": "2026-03-23T09:01:45.419187",
    "level": "INFO",
    "message": "[DRY RUN] URGENCY \u2014 Experience It Before It's Gone: titanic_atmosphere_2.jpg"
  },
  {
    "timestamp": "2026-03-23T09:01:45.419189",
    "level": "INFO",
    "message": "  Prompt: A boarding pass slowly emerging from darkness into a dramatic spotlight, the paper trembling slightl..."
  },
  {
    "timestamp": "2026-03-23T09:01:45.419191",
    "level": "COST",
    "message": "  Estimated cost: $0.35"
  },
  {
    "timestamp": "2026-03-23T09:01:45.419204",
    "level": "COST",
    "message": "Total batch cost: $1.75",
    "successful": 5,
    "failed": 0
  }
]